#
# A fatal error has been detected by the Java Runtime Environment:
#
#  EXCEPTION_UNCAUGHT_CXX_EXCEPTION (0xe06d7363) at pc=0x000007fefcf4940d, pid=8940, tid=7460
#
# JRE version: 7.0_11-b21
# Java VM: Java HotSpot(TM) 64-Bit Server VM (23.6-b04 mixed mode windows-amd64 compressed oops)
# Problematic frame:
# C  [KERNELBASE.dll+0x940d]
#
# Failed to write core dump. Minidumps are not enabled by default on client versions of Windows
#
# If you would like to submit a bug report, please visit:
#   http://bugreport.sun.com/bugreport/crash.jsp
# The crash happened outside the Java Virtual Machine in native code.
# See problematic frame for where to report the bug.
#

---------------  T H R E A D  ---------------

Current thread (0x0000000090293800):  JavaThread "Thread-953" [_thread_in_native, id=7460, stack(0x0000000118000000,0x000000011c000000)]

siginfo: ExceptionCode=0xe06d7363, ExceptionInformation=0x0000000019930520 0x000000011bfff148 0x000000006afa2320 0x000000006af80000 

Registers:
RAX=0x000000017c8e3756, RBX=0x000000011bfff148, RCX=0x000000011bffe980, RDX=0x00000000000000d0
RSP=0x000000011bffef90, RBP=0x000000011bfff0c0, RSI=0x00000000902939d8, RDI=0x000000006afa2320
R8 =0x0000000000000000, R9 =0x0000000000000000, R10=0x000000006af80000, R11=0x000000011bffefd0
R12=0x0000000000000000, R13=0x0000000000000000, R14=0x00000000000701c0, R15=0x0000000000000000
RIP=0x000007fefcf4940d, EFLAGS=0x0000000000000206

Top of Stack: (sp=0x000000011bffef90)
0x000000011bffef90:   000000011bfff148 00000000902939d8
0x000000011bffefa0:   000000006afa2320 000000011bfff1e8
0x000000011bffefb0:   00000001e06d7363 0000000000000000
0x000000011bffefc0:   000007fefcf4940d 0000000000000004
0x000000011bffefd0:   0000000019930520 000000011bfff148
0x000000011bffefe0:   000000006afa2320 000000006af80000
0x000000011bffeff0:   fffffffffffffffe 000000011bfff078
0x000000011bfff000:   0000000098283210 000000007071efe6
0x000000011bfff010:   0000000004185f80 0000000000000000
0x000000011bfff020:   000000000000002a 000000011bfff1e8
0x000000011bfff030:   00000000000701c0 0000000000000000
0x000000011bfff040:   0000000000000000 000000006afa2320
0x000000011bfff050:   00000000902939d8 00000000707214f1
0x000000011bfff060:   000000011bfff148 000000011bfff0d0
0x000000011bfff070:   0000000100000001 000000006af80108
0x000000011bfff080:   00000001e06d7363 0000000000000000 

Instructions: (pc=0x000007fefcf4940d)
0x000007fefcf493ed:   54 24 24 48 89 4c 24 28 4d 85 c9 0f 85 aa 18 00
0x000007fefcf493fd:   00 89 4c 24 38 48 8d 4c 24 20 ff 15 93 1e 04 00
0x000007fefcf4940d:   48 81 c4 c8 00 00 00 c3 90 90 90 90 90 90 90 90
0x000007fefcf4941d:   90 90 90 48 8b c4 48 83 ec 78 41 f7 c0 fe ff ff 


Register to memory mapping:

RAX=0x000000017c8e3756 is an unknown value
RBX=0x000000011bfff148 is pointing into the stack for thread: 0x0000000090293800
RCX=0x000000011bffe980 is pointing into the stack for thread: 0x0000000090293800
RDX=0x00000000000000d0 is an unknown value
RSP=0x000000011bffef90 is pointing into the stack for thread: 0x0000000090293800
RBP=0x000000011bfff0c0 is pointing into the stack for thread: 0x0000000090293800
RSI=0x00000000902939d8 is an unknown value
RDI=0x000000006afa2320 is an unknown value
R8 =0x0000000000000000 is an unknown value
R9 =0x0000000000000000 is an unknown value
R10=0x000000006af80000 is an unknown value
R11=0x000000011bffefd0 is pointing into the stack for thread: 0x0000000090293800
R12=0x0000000000000000 is an unknown value
R13=0x0000000000000000 is an unknown value
R14=0x00000000000701c0 is pointing into the stack for thread: 0x000000002b974000
R15=0x0000000000000000 is an unknown value


Stack: [0x0000000118000000,0x000000011c000000],  sp=0x000000011bffef90,  free space=65531k
Native frames: (J=compiled Java code, j=interpreted, Vv=VM code, C=native code)
C  [KERNELBASE.dll+0x940d]
C  [libmwnativedialogs.dll+0x767a]

Java frames: (J=compiled Java code, j=interpreted, Vv=VM code)
j  com.mathworks.util.NativeJava.showNativeFileDialogMulti(JZLjava/lang/String;Ljava/lang/String;Ljava/lang/String;Ljava/lang/String;ZZLjava/lang/String;I)Ljava/lang/Object;+0
j  com.mathworks.mwswing.MJFileChooserPerPlatform$RunnableNativeDispatch.runNative()V+37
j  com.mathworks.mwswing.MJFileChooserPerPlatform$RunnableNativeDispatch.runWindows()V+22
j  com.mathworks.mwswing.MJFileChooserPerPlatform$RunnableNativeDispatch.run()V+7
j  java.lang.Thread.run()V+11
v  ~StubRoutines::call_stub

---------------  P R O C E S S  ---------------

Java Threads: ( => current thread )
  0x0000000090294000 JavaThread "Foxtrot Multi Worker Thread Runner #3" daemon [_thread_blocked, id=2452, stack(0x000000011c000000,0x0000000120000000)]
=>0x0000000090293800 JavaThread "Thread-953" [_thread_in_native, id=7460, stack(0x0000000118000000,0x000000011c000000)]
  0x000000007b8df800 JavaThread "Foxtrot Multi Worker Thread Runner #1" daemon [_thread_blocked, id=10900, stack(0x00000000bc000000,0x00000000c0000000)]
  0x000000006314f000 JavaThread "Code Analyzer updating thread" [_thread_blocked, id=9436, stack(0x0000000110000000,0x0000000114000000)]
  0x0000000063151000 JavaThread "Code Analyzer updating thread" [_thread_blocked, id=3896, stack(0x000000010c000000,0x0000000110000000)]
  0x0000000063152800 JavaThread "Code Analyzer updating thread" [_thread_blocked, id=9004, stack(0x0000000108000000,0x000000010c000000)]
  0x0000000063154000 JavaThread "Code Analyzer updating thread" [_thread_blocked, id=5212, stack(0x0000000104000000,0x0000000108000000)]
  0x0000000063155800 JavaThread "Active Reference Queue Daemon" daemon [_thread_blocked, id=12228, stack(0x0000000100000000,0x0000000104000000)]
  0x0000000063155000 JavaThread "Timer-1" daemon [_thread_blocked, id=10552, stack(0x00000000dc000000,0x00000000e0000000)]
  0x0000000063153800 JavaThread "ClipboardMonitor Timer" daemon [_thread_blocked, id=9416, stack(0x00000000d8000000,0x00000000dc000000)]
  0x000000006314d800 JavaThread "Explorer NavigationContext request queue" daemon [_thread_blocked, id=6360, stack(0x00000000d0000000,0x00000000d4000000)]
  0x000000006314f800 JavaThread "AddressBar directory emptiness poller" daemon [_thread_blocked, id=7696, stack(0x00000000c8000000,0x00000000cc000000)]
  0x000000006314e000 JavaThread "Explorer Refresh Service 970392074" daemon [_thread_blocked, id=11212, stack(0x00000000c0000000,0x00000000c4000000)]
  0x000000006314c800 JavaThread "Thread-4" daemon [_thread_blocked, id=5984, stack(0x00000000c4000000,0x00000000c8000000)]
  0x0000000063149000 JavaThread "TimerQueue" daemon [_thread_blocked, id=7164, stack(0x00000000b8000000,0x00000000bc000000)]
  0x0000000063148000 JavaThread "Thread-3" daemon [_thread_blocked, id=4292, stack(0x00000000b4000000,0x00000000b8000000)]
  0x00000000632a2800 JavaThread "AWT-EventQueue-0" [_thread_blocked, id=11872, stack(0x00000000b0000000,0x00000000b4000000)]
  0x00000000632a0800 JavaThread "AWT-Shutdown" [_thread_blocked, id=9200, stack(0x00000000a0000000,0x00000000a4000000)]
  0x000000006300c800 JavaThread "FelixPackageAdmin" daemon [_thread_blocked, id=9008, stack(0x00000000ac000000,0x00000000b0000000)]
  0x0000000063061000 JavaThread "FelixStartLevel" daemon [_thread_blocked, id=7320, stack(0x00000000a8000000,0x00000000ac000000)]
  0x0000000062fb7000 JavaThread "FelixDispatchQueue" daemon [_thread_blocked, id=8160, stack(0x00000000a4000000,0x00000000a8000000)]
  0x0000000062ce0000 JavaThread "com.google.common.base.internal.Finalizer" daemon [_thread_blocked, id=5032, stack(0x000000009c000000,0x00000000a0000000)]
  0x0000000062bf9000 JavaThread "AWT-Windows" daemon [_thread_in_native, id=4060, stack(0x0000000094000000,0x0000000098000000)]
  0x0000000062b1a800 JavaThread "Java2D Disposer" daemon [_thread_blocked, id=8004, stack(0x000000008c000000,0x0000000090000000)]
  0x00000000629ef800 JavaThread "Timer-0" [_thread_blocked, id=9844, stack(0x0000000080000000,0x0000000084000000)]
  0x000000002c043000 JavaThread "EventMgr Dispatcher" daemon [_thread_in_native, id=6960, stack(0x0000000077240000,0x000000007b240000)]
  0x000000002bb77000 JavaThread "Service Thread" daemon [_thread_blocked, id=10092, stack(0x0000000059640000,0x000000005d640000)]
  0x000000002bb6e000 JavaThread "C2 CompilerThread1" daemon [_thread_blocked, id=6800, stack(0x0000000055640000,0x0000000059640000)]
  0x000000002bb69800 JavaThread "C2 CompilerThread0" daemon [_thread_blocked, id=10304, stack(0x0000000051640000,0x0000000055640000)]
  0x000000002bb68800 JavaThread "Attach Listener" daemon [_thread_blocked, id=4252, stack(0x000000004d640000,0x0000000051640000)]
  0x000000002baf4000 JavaThread "Finalizer" daemon [_thread_blocked, id=3372, stack(0x0000000049640000,0x000000004d640000)]
  0x000000002bae8000 JavaThread "Reference Handler" daemon [_thread_blocked, id=10012, stack(0x0000000045640000,0x0000000049640000)]
  0x000000002b974000 JavaThread "main" [_thread_in_native, id=6256, stack(0x0000000000030000,0x0000000004030000)]

Other Threads:
  0x000000000e67f000 VMThread [stack: 0x0000000041640000,0x0000000045640000] [id=10216]
  0x000000002bc4b000 WatcherThread [stack: 0x000000005d640000,0x0000000061640000] [id=11556]

VM state:not at safepoint (normal execution)

VM Mutex/Monitor currently owned by a thread: None

Heap
 PSYoungGen      total 20032K, used 6382K [0x00000000fa000000, 0x00000000fc210000, 0x0000000100000000)
  eden space 19904K, 31% used [0x00000000fa000000,0x00000000fa61b970,0x00000000fb370000)
  from space 128K, 100% used [0x00000000fc1f0000,0x00000000fc210000,0x00000000fc210000)
  to   space 1856K, 0% used [0x00000000fbe70000,0x00000000fbe70000,0x00000000fc040000)
 ParOldGen       total 69312K, used 65988K [0x00000000e8000000, 0x00000000ec3b0000, 0x00000000fa000000)
  object space 69312K, 95% used [0x00000000e8000000,0x00000000ec071330,0x00000000ec3b0000)
 PSPermGen       total 109120K, used 62700K [0x00000000e0000000, 0x00000000e6a90000, 0x00000000e8000000)
  object space 109120K, 57% used [0x00000000e0000000,0x00000000e3d3b388,0x00000000e6a90000)

Card table byte_map: [0x000000002f140000,0x000000002f250000] byte_map_base: 0x000000002ea40000

Polling page: 0x00000000080f0000

Code Cache  [0x000000002c140000, 0x000000002cad0000, 0x000000002f140000)
 total_blobs=3506 nmethods=2827 adapters=627 free_code_cache=39672Kb largest_free_block=40312192

Compilation events (10 events):
Event: 4559.772 Thread 0x000000002bb6e000 3064   !         java.awt.Frame::getExtendedState (19 bytes)
Event: 4559.774 Thread 0x000000002bb6e000 nmethod 3064 0x000000002cac2710 code [0x000000002cac2840, 0x000000002cac2a78]
Event: 4576.516 Thread 0x000000002bb69800 3065   !         org.netbeans.editor.view.spi.LockView::modelToView (49 bytes)
Event: 4576.524 Thread 0x000000002bb69800 nmethod 3065 0x000000002c4794d0 code [0x000000002c479640, 0x000000002c479d08]
Event: 4582.978 Thread 0x000000002bb6e000 3066             javax.swing.SwingUtilities::getUnwrappedParent (22 bytes)
Event: 4582.980 Thread 0x000000002bb6e000 nmethod 3066 0x000000002ca08fd0 code [0x000000002ca09120, 0x000000002ca091b8]
Event: 4584.773 Thread 0x000000002bb69800 3067   !         javax.swing.plaf.basic.BasicTextUI::modelToView (143 bytes)
Event: 4584.789 Thread 0x000000002bb69800 nmethod 3067 0x000000002c335f90 code [0x000000002c336140, 0x000000002c336da8]
Event: 4585.465 Thread 0x000000002bb6e000 3068             javax.swing.plaf.basic.BasicScrollPaneUI$Handler::mouseWheelMoved (618 bytes)
Event: 4585.508 Thread 0x000000002bb6e000 nmethod 3068 0x000000002ca2ea50 code [0x000000002ca2ecc0, 0x000000002ca2faa8]

GC Heap History (10 events):
Event: 4264.878 GC heap before
{Heap before GC invocations=426 (full 6):
 PSYoungGen      total 23808K, used 23808K [0x00000000fa000000, 0x00000000fc570000, 0x0000000100000000)
  eden space 22912K, 100% used [0x00000000fa000000,0x00000000fb660000,0x00000000fb660000)
  from space 896K, 100% used [0x00000000fc330000,0x00000000fc410000,0x00000000fc410000)
  to   space 1344K, 0% used [0x00000000fc420000,0x00000000fc420000,0x00000000fc570000)
 ParOldGen       total 69312K, used 64465K [0x00000000e8000000, 0x00000000ec3b0000, 0x00000000fa000000)
  object space 69312K, 93% used [0x00000000e8000000,0x00000000ebef4750,0x00000000ec3b0000)
 PSPermGen       total 109120K, used 62692K [0x00000000e0000000, 0x00000000e6a90000, 0x00000000e8000000)
  object space 109120K, 57% used [0x00000000e0000000,0x00000000e3d39138,0x00000000e6a90000)
Event: 4264.887 GC heap after
Heap after GC invocations=426 (full 6):
 PSYoungGen      total 23296K, used 1004K [0x00000000fa000000, 0x00000000fc520000, 0x0000000100000000)
  eden space 22272K, 0% used [0x00000000fa000000,0x00000000fa000000,0x00000000fb5c0000)
  from space 1024K, 98% used [0x00000000fc420000,0x00000000fc51b0d8,0x00000000fc520000)
  to   space 1472K, 0% used [0x00000000fc240000,0x00000000fc240000,0x00000000fc3b0000)
 ParOldGen       total 69312K, used 64489K [0x00000000e8000000, 0x00000000ec3b0000, 0x00000000fa000000)
  object space 69312K, 93% used [0x00000000e8000000,0x00000000ebefa750,0x00000000ec3b0000)
 PSPermGen       total 109120K, used 62692K [0x00000000e0000000, 0x00000000e6a90000, 0x00000000e8000000)
  object space 109120K, 57% used [0x00000000e0000000,0x00000000e3d39138,0x00000000e6a90000)
}
Event: 4275.379 GC heap before
{Heap before GC invocations=427 (full 6):
 PSYoungGen      total 23296K, used 23276K [0x00000000fa000000, 0x00000000fc520000, 0x0000000100000000)
  eden space 22272K, 100% used [0x00000000fa000000,0x00000000fb5c0000,0x00000000fb5c0000)
  from space 1024K, 98% used [0x00000000fc420000,0x00000000fc51b0d8,0x00000000fc520000)
  to   space 1472K, 0% used [0x00000000fc240000,0x00000000fc240000,0x00000000fc3b0000)
 ParOldGen       total 69312K, used 64489K [0x00000000e8000000, 0x00000000ec3b0000, 0x00000000fa000000)
  object space 69312K, 93% used [0x00000000e8000000,0x00000000ebefa750,0x00000000ec3b0000)
 PSPermGen       total 109120K, used 62693K [0x00000000e0000000, 0x00000000e6a90000, 0x00000000e8000000)
  object space 109120K, 57% used [0x00000000e0000000,0x00000000e3d394d8,0x00000000e6a90000)
Event: 4275.385 GC heap after
Heap after GC invocations=427 (full 6):
 PSYoungGen      total 23104K, used 1451K [0x00000000fa000000, 0x00000000fc430000, 0x0000000100000000)
  eden space 21632K, 0% used [0x00000000fa000000,0x00000000fa000000,0x00000000fb520000)
  from space 1472K, 98% used [0x00000000fc240000,0x00000000fc3aad60,0x00000000fc3b0000)
  to   space 512K, 0% used [0x00000000fc3b0000,0x00000000fc3b0000,0x00000000fc430000)
 ParOldGen       total 69312K, used 64673K [0x00000000e8000000, 0x00000000ec3b0000, 0x00000000fa000000)
  object space 69312K, 93% used [0x00000000e8000000,0x00000000ebf28520,0x00000000ec3b0000)
 PSPermGen       total 109120K, used 62693K [0x00000000e0000000, 0x00000000e6a90000, 0x00000000e8000000)
  object space 109120K, 57% used [0x00000000e0000000,0x00000000e3d394d8,0x00000000e6a90000)
}
Event: 4402.500 GC heap before
{Heap before GC invocations=428 (full 6):
 PSYoungGen      total 23104K, used 23083K [0x00000000fa000000, 0x00000000fc430000, 0x0000000100000000)
  eden space 21632K, 100% used [0x00000000fa000000,0x00000000fb520000,0x00000000fb520000)
  from space 1472K, 98% used [0x00000000fc240000,0x00000000fc3aad60,0x00000000fc3b0000)
  to   space 512K, 0% used [0x00000000fc3b0000,0x00000000fc3b0000,0x00000000fc430000)
 ParOldGen       total 69312K, used 64673K [0x00000000e8000000, 0x00000000ec3b0000, 0x00000000fa000000)
  object space 69312K, 93% used [0x00000000e8000000,0x00000000ebf28520,0x00000000ec3b0000)
 PSPermGen       total 109120K, used 62693K [0x00000000e0000000, 0x00000000e6a90000, 0x00000000e8000000)
  object space 109120K, 57% used [0x00000000e0000000,0x00000000e3d397c8,0x00000000e6a90000)
Event: 4402.509 GC heap after
Heap after GC invocations=428 (full 6):
 PSYoungGen      total 21568K, used 512K [0x00000000fa000000, 0x00000000fc430000, 0x0000000100000000)
  eden space 21056K, 0% used [0x00000000fa000000,0x00000000fa000000,0x00000000fb490000)
  from space 512K, 100% used [0x00000000fc3b0000,0x00000000fc430000,0x00000000fc430000)
  to   space 1856K, 0% used [0x00000000fc090000,0x00000000fc090000,0x00000000fc260000)
 ParOldGen       total 69312K, used 65576K [0x00000000e8000000, 0x00000000ec3b0000, 0x00000000fa000000)
  object space 69312K, 94% used [0x00000000e8000000,0x00000000ec00a320,0x00000000ec3b0000)
 PSPermGen       total 109120K, used 62693K [0x00000000e0000000, 0x00000000e6a90000, 0x00000000e8000000)
  object space 109120K, 57% used [0x00000000e0000000,0x00000000e3d397c8,0x00000000e6a90000)
}
Event: 4576.493 GC heap before
{Heap before GC invocations=429 (full 6):
 PSYoungGen      total 21568K, used 21568K [0x00000000fa000000, 0x00000000fc430000, 0x0000000100000000)
  eden space 21056K, 100% used [0x00000000fa000000,0x00000000fb490000,0x00000000fb490000)
  from space 512K, 100% used [0x00000000fc3b0000,0x00000000fc430000,0x00000000fc430000)
  to   space 1856K, 0% used [0x00000000fc090000,0x00000000fc090000,0x00000000fc260000)
 ParOldGen       total 69312K, used 65576K [0x00000000e8000000, 0x00000000ec3b0000, 0x00000000fa000000)
  object space 69312K, 94% used [0x00000000e8000000,0x00000000ec00a320,0x00000000ec3b0000)
 PSPermGen       total 109120K, used 62699K [0x00000000e0000000, 0x00000000e6a90000, 0x00000000e8000000)
  object space 109120K, 57% used [0x00000000e0000000,0x00000000e3d3ade8,0x00000000e6a90000)
Event: 4576.501 GC heap after
Heap after GC invocations=429 (full 6):
 PSYoungGen      total 20672K, used 160K [0x00000000fa000000, 0x00000000fc3c0000, 0x0000000100000000)
  eden space 20480K, 0% used [0x00000000fa000000,0x00000000fa000000,0x00000000fb400000)
  from space 192K, 83% used [0x00000000fc090000,0x00000000fc0b8000,0x00000000fc0c0000)
  to   space 1856K, 0% used [0x00000000fc1f0000,0x00000000fc1f0000,0x00000000fc3c0000)
 ParOldGen       total 69312K, used 65988K [0x00000000e8000000, 0x00000000ec3b0000, 0x00000000fa000000)
  object space 69312K, 95% used [0x00000000e8000000,0x00000000ec071330,0x00000000ec3b0000)
 PSPermGen       total 109120K, used 62699K [0x00000000e0000000, 0x00000000e6a90000, 0x00000000e8000000)
  object space 109120K, 57% used [0x00000000e0000000,0x00000000e3d3ade8,0x00000000e6a90000)
}
Event: 4625.057 GC heap before
{Heap before GC invocations=430 (full 6):
 PSYoungGen      total 20672K, used 20640K [0x00000000fa000000, 0x00000000fc3c0000, 0x0000000100000000)
  eden space 20480K, 100% used [0x00000000fa000000,0x00000000fb400000,0x00000000fb400000)
  from space 192K, 83% used [0x00000000fc090000,0x00000000fc0b8000,0x00000000fc0c0000)
  to   space 1856K, 0% used [0x00000000fc1f0000,0x00000000fc1f0000,0x00000000fc3c0000)
 ParOldGen       total 69312K, used 65988K [0x00000000e8000000, 0x00000000ec3b0000, 0x00000000fa000000)
  object space 69312K, 95% used [0x00000000e8000000,0x00000000ec071330,0x00000000ec3b0000)
 PSPermGen       total 109120K, used 62700K [0x00000000e0000000, 0x00000000e6a90000, 0x00000000e8000000)
  object space 109120K, 57% used [0x00000000e0000000,0x00000000e3d3b040,0x00000000e6a90000)
Event: 4625.070 GC heap after
Heap after GC invocations=430 (full 6):
 PSYoungGen      total 20032K, used 128K [0x00000000fa000000, 0x00000000fc210000, 0x0000000100000000)
  eden space 19904K, 0% used [0x00000000fa000000,0x00000000fa000000,0x00000000fb370000)
  from space 128K, 100% used [0x00000000fc1f0000,0x00000000fc210000,0x00000000fc210000)
  to   space 1856K, 0% used [0x00000000fbe70000,0x00000000fbe70000,0x00000000fc040000)
 ParOldGen       total 69312K, used 65988K [0x00000000e8000000, 0x00000000ec3b0000, 0x00000000fa000000)
  object space 69312K, 95% used [0x00000000e8000000,0x00000000ec071330,0x00000000ec3b0000)
 PSPermGen       total 109120K, used 62700K [0x00000000e0000000, 0x00000000e6a90000, 0x00000000e8000000)
  object space 109120K, 57% used [0x00000000e0000000,0x00000000e3d3b040,0x00000000e6a90000)
}

Deoptimization events (10 events):
Event: 3764.347 Thread 0x000000002b974000 Uncommon trap -12 fr.pc 0x000000002ca08480
Event: 3764.347 Thread 0x000000002b974000 Uncommon trap -12 fr.pc 0x000000002ca091c0
Event: 3764.347 Thread 0x000000002b974000 Uncommon trap -12 fr.pc 0x000000002ca11a70
Event: 3764.445 Thread 0x000000002b974000 Uncommon trap 666 fr.pc 0x000000002c3365b0
Event: 3780.795 Thread 0x000000002b974000 Uncommon trap -12 fr.pc 0x000000002ca1a0b0
Event: 3797.641 Thread 0x00000000632a2800 Uncommon trap -83 fr.pc 0x000000002c4a79f4
Event: 4034.269 Thread 0x00000000632a2800 Uncommon trap -58 fr.pc 0x000000002c5192a0
Event: 4113.096 Thread 0x0000000062bf9000 Uncommon trap -83 fr.pc 0x000000002c91466c
Event: 4113.111 Thread 0x00000000632a2800 Uncommon trap -83 fr.pc 0x000000002c9cdc58
Event: 4609.494 Thread 0x000000006314d800 Uncommon trap -12 fr.pc 0x000000002c9a6ca4

Internal exceptions (10 events):
Event: 4079.887 Thread 0x00000000632a2800 Threw 0x00000000fa2dc9c0 at C:\jdk7u1_64p\jdk7u11\hotspot\src\share\vm\prims\jvm.cpp:1166
Event: 4113.097 Thread 0x00000000632a2800 Threw 0x00000000faeb4c00 at C:\jdk7u1_64p\jdk7u11\hotspot\src\share\vm\prims\jvm.cpp:1166
Event: 4113.111 Thread 0x00000000632a2800 Implicit null exception at 0x000000002c9cb265 to 0x000000002c9cdc49
Event: 4113.111 Thread 0x000000002b974000 Threw 0x00000000fae48ae0 at C:\jdk7u1_64p\jdk7u11\hotspot\src\share\vm\prims\jvm.cpp:1166
Event: 4113.112 Thread 0x000000002b974000 Threw 0x00000000fae57ba8 at C:\jdk7u1_64p\jdk7u11\hotspot\src\share\vm\prims\jvm.cpp:1166
Event: 4113.112 Thread 0x000000002b974000 Threw 0x00000000fae57eb0 at C:\jdk7u1_64p\jdk7u11\hotspot\src\share\vm\prims\jvm.cpp:1166
Event: 4113.112 Thread 0x000000002b974000 Threw 0x00000000fae66f78 at C:\jdk7u1_64p\jdk7u11\hotspot\src\share\vm\prims\jvm.cpp:1166
Event: 4113.113 Thread 0x000000002b974000 Threw 0x00000000fae673a8 at C:\jdk7u1_64p\jdk7u11\hotspot\src\share\vm\prims\jvm.cpp:1166
Event: 4113.113 Thread 0x000000002b974000 Threw 0x00000000faf45dd0 at C:\jdk7u1_64p\jdk7u11\hotspot\src\share\vm\prims\jvm.cpp:1166
Event: 4609.494 Thread 0x000000006314d800 Implicit null exception at 0x000000002c9a5cd8 to 0x000000002c9a6c6d

Events (10 events):
Event: 4609.597 Thread 0x0000000090293800 Thread exited: 0x0000000090293800
Event: 4610.005 Thread 0x0000000090293800 Thread added: 0x0000000090293800
Event: 4615.008 Executing VM operation: BulkRevokeBias
Event: 4615.008 Executing VM operation: BulkRevokeBias done
Event: 4615.008 Thread 0x0000000090293800 Thread exited: 0x0000000090293800
Event: 4625.057 Executing VM operation: ParallelGCFailedAllocation
Event: 4625.070 Executing VM operation: ParallelGCFailedAllocation done
Event: 4636.300 Thread 0x0000000090293800 Thread added: 0x0000000090293800
Event: 4636.300 Thread 0x0000000090294000 Thread added: 0x0000000090294000
Event: 4636.301 Executing VM operation: RevokeBias


Dynamic libraries:
0x0000000140000000 - 0x0000000140029000 	C:\Program Files\MATLAB\R2013b\bin\win64\MATLAB.exe
0x0000000077070000 - 0x0000000077219000 	C:\windows\SYSTEM32\ntdll.dll
0x0000000071320000 - 0x000000007136e000 	C:\Program Files\AVAST Software\Avast\snxhk64.dll
0x0000000076e50000 - 0x0000000076f6f000 	C:\windows\system32\KERNEL32.dll
0x000007fefcf40000 - 0x000007fefcfab000 	C:\windows\system32\KERNELBASE.dll
0x000000006f060000 - 0x000000006f3dc000 	C:\Program Files\MATLAB\R2013b\bin\win64\libmwservices.dll
0x000000006fe80000 - 0x000000006ff56000 	C:\Program Files\MATLAB\R2013b\bin\win64\libmwi18n.dll
0x000000006fe70000 - 0x000000006fe7d000 	C:\Program Files\MATLAB\R2013b\bin\win64\libmwresource_core.dll
0x00000000714a0000 - 0x0000000071538000 	C:\Program Files\MATLAB\R2013b\bin\win64\MSVCP100.dll
0x00000000706c0000 - 0x0000000070792000 	C:\Program Files\MATLAB\R2013b\bin\win64\MSVCR100.dll
0x00000000739c0000 - 0x00000000739ce000 	C:\Program Files\MATLAB\R2013b\bin\win64\boost_date_time-vc100-mt-1_49.dll
0x0000000073940000 - 0x000000007396c000 	C:\Program Files\MATLAB\R2013b\bin\win64\boost_filesystem-vc100-mt-1_49.dll
0x00000000739b0000 - 0x00000000739b9000 	C:\Program Files\MATLAB\R2013b\bin\win64\boost_system-vc100-mt-1_49.dll
0x000007fefdce0000 - 0x000007fefddbb000 	C:\windows\system32\ADVAPI32.dll
0x000007fefd3b0000 - 0x000007fefd44f000 	C:\windows\system32\msvcrt.dll
0x000007fefdf50000 - 0x000007fefdf6f000 	C:\windows\SYSTEM32\sechost.dll
0x000007fefd280000 - 0x000007fefd3ad000 	C:\windows\system32\RPCRT4.dll
0x0000000073020000 - 0x0000000073045000 	C:\Program Files\MATLAB\R2013b\bin\win64\LIBEXPAT.dll
0x00000000701a0000 - 0x000000007032a000 	C:\Program Files\MATLAB\R2013b\bin\win64\icuin49.dll
0x0000000070500000 - 0x000000007063e000 	C:\Program Files\MATLAB\R2013b\bin\win64\icuuc49.dll
0x0000000068660000 - 0x0000000069782000 	C:\Program Files\MATLAB\R2013b\bin\win64\icudt49.dll
0x0000000073930000 - 0x0000000073940000 	C:\Program Files\MATLAB\R2013b\bin\win64\icuio49.dll
0x0000000004250000 - 0x000000000430b000 	C:\Program Files\MATLAB\R2013b\bin\win64\libut.dll
0x000000006f960000 - 0x000000006fb07000 	C:\Program Files\MATLAB\R2013b\bin\win64\libmwfl.dll
0x0000000004430000 - 0x000000000483f000 	C:\Program Files\MATLAB\R2013b\bin\win64\libmwMATLAB_res.dll
0x000000006ea90000 - 0x000000006eb6f000 	C:\Program Files\MATLAB\R2013b\bin\win64\boost_regex-vc100-mt-1_49.dll
0x0000000076f70000 - 0x000000007706a000 	C:\windows\system32\USER32.dll
0x000007fefdee0000 - 0x000007fefdf47000 	C:\windows\system32\GDI32.dll
0x000007fefddc0000 - 0x000007fefddce000 	C:\windows\system32\LPK.dll
0x000007fefdc10000 - 0x000007fefdcd9000 	C:\windows\system32\USP10.dll
0x00000000738d0000 - 0x00000000738e1000 	C:\Program Files\MATLAB\R2013b\bin\win64\boost_signals-vc100-mt-1_49.dll
0x0000000073890000 - 0x00000000738a1000 	C:\Program Files\MATLAB\R2013b\bin\win64\boost_thread-vc100-mt-1_49.dll
0x0000000070c90000 - 0x0000000070d1c000 	C:\Program Files\MATLAB\R2013b\bin\win64\boost_log-vc100-mt-1_49.dll
0x0000000077230000 - 0x0000000077237000 	C:\windows\system32\PSAPI.DLL
0x000007fefe150000 - 0x000007fefe19d000 	C:\windows\system32\WS2_32.dll
0x000007feff370000 - 0x000007feff378000 	C:\windows\system32\NSI.dll
0x000007fefa180000 - 0x000007fefa1b3000 	C:\Program Files\MATLAB\R2013b\bin\win64\tbb.dll
0x000007fefd450000 - 0x000007fefd469000 	C:\windows\system32\imagehlp.dll
0x000007fefaf90000 - 0x000007fefafbc000 	C:\windows\system32\POWRPROF.dll
0x000007fefdf70000 - 0x000007fefe147000 	C:\windows\system32\SETUPAPI.dll
0x000007fefcfe0000 - 0x000007fefd016000 	C:\windows\system32\CFGMGR32.dll
0x000007fefd470000 - 0x000007fefd547000 	C:\windows\system32\OLEAUT32.dll
0x000007feff0b0000 - 0x000007feff2b3000 	C:\windows\system32\ole32.dll
0x000007fefcf00000 - 0x000007fefcf1a000 	C:\windows\system32\DEVOBJ.dll
0x0000000004840000 - 0x000000000493b000 	C:\Program Files\MATLAB\R2013b\bin\win64\libmx.dll
0x000007fefa1e0000 - 0x000007fefa208000 	C:\Program Files\MATLAB\R2013b\bin\win64\tbbmalloc.dll
0x0000000073770000 - 0x0000000073787000 	C:\Program Files\MATLAB\R2013b\bin\win64\zlib1.dll
0x000000006ef00000 - 0x000000006ef4e000 	C:\Program Files\MATLAB\R2013b\bin\win64\libmwregexp.dll
0x000000006eeb0000 - 0x000000006eef7000 	C:\Program Files\MATLAB\R2013b\bin\win64\mpath.dll
0x0000000004940000 - 0x0000000004f68000 	C:\Program Files\MATLAB\R2013b\bin\win64\mlutil.dll
0x000000006e870000 - 0x000000006e8e7000 	C:\Program Files\MATLAB\R2013b\bin\win64\xmlcore.dll
0x000000006a4f0000 - 0x000000006a731000 	C:\Program Files\MATLAB\R2013b\bin\win64\xerces-c_2_7.dll
0x000000006e5f0000 - 0x000000006e613000 	C:\Program Files\MATLAB\R2013b\bin\win64\libmwMATLAB_settings_res.dll
0x0000000073010000 - 0x0000000073020000 	C:\Program Files\MATLAB\R2013b\bin\win64\boost_iostreams-vc100-mt-1_49.dll
0x0000000071580000 - 0x00000000715c6000 	C:\Program Files\MATLAB\R2013b\bin\win64\boost_serialization-vc100-mt-1_49.dll
0x000007fefe320000 - 0x000007feff0a8000 	C:\windows\system32\SHELL32.dll
0x000007fefe2a0000 - 0x000007fefe311000 	C:\windows\system32\SHLWAPI.dll
0x000000006e580000 - 0x000000006e586000 	C:\Program Files\MATLAB\R2013b\bin\win64\libmwnativedisplay.dll
0x00000000685f0000 - 0x000000006863d000 	C:\Program Files\MATLAB\R2013b\bin\win64\opccore.dll
0x00000000684f0000 - 0x00000000685c6000 	C:\Program Files\MATLAB\R2013b\bin\win64\opcmodel.dll
0x00000000684c0000 - 0x00000000684ed000 	C:\Program Files\MATLAB\R2013b\bin\win64\opczippackage.dll
0x0000000072fd0000 - 0x0000000072fde000 	C:\Program Files\MATLAB\R2013b\bin\win64\libminizip.dll
0x0000000068340000 - 0x00000000683a6000 	C:\Program Files\MATLAB\R2013b\bin\win64\opcmwservices.dll
0x000007fef60b0000 - 0x000007fef6150000 	C:\windows\WinSxS\amd64_microsoft.windows.common-controls_6595b64144ccf1df_5.82.7601.18201_none_a4d3b9377117c3df\COMCTL32.dll
0x000007fefd7e0000 - 0x000007fefd877000 	C:\windows\system32\COMDLG32.dll
0x000007fefad10000 - 0x000007fefad26000 	C:\windows\system32\NETAPI32.dll
0x000007fefafc0000 - 0x000007fefafcc000 	C:\windows\system32\netutils.dll
0x000007fefc940000 - 0x000007fefc963000 	C:\windows\system32\srvcli.dll
0x000007fefacf0000 - 0x000007fefad05000 	C:\windows\system32\wkscli.dll
0x000000006e4d0000 - 0x000000006e57d000 	C:\Program Files\MATLAB\R2013b\bin\win64\mcr.dll
0x000000006e110000 - 0x000000006e4d0000 	C:\Program Files\MATLAB\R2013b\bin\win64\iqm.dll
0x0000000180000000 - 0x00000001800c2000 	C:\Program Files\MATLAB\R2013b\bin\win64\m_dispatcher.dll
0x0000000004f70000 - 0x000000000576b000 	C:\Program Files\MATLAB\R2013b\bin\win64\m_interpreter.dll
0x000000006d760000 - 0x000000006d784000 	C:\Program Files\MATLAB\R2013b\bin\win64\libmex.dll
0x000000006d6e0000 - 0x000000006d75b000 	C:\Program Files\MATLAB\R2013b\bin\win64\profiler.dll
0x000000006d450000 - 0x000000006d5c8000 	C:\Program Files\MATLAB\R2013b\bin\win64\libmwmathutil.dll
0x000000006d420000 - 0x000000006d447000 	C:\Program Files\MATLAB\R2013b\bin\win64\libmwmathrng.dll
0x000000006d410000 - 0x000000006d420000 	C:\Program Files\MATLAB\R2013b\bin\win64\libmwmfl_rng.dll
0x0000000005770000 - 0x0000000005888000 	C:\Program Files\MATLAB\R2013b\bin\win64\libmwmathcore.dll
0x000000006d2b0000 - 0x000000006d313000 	C:\Program Files\MATLAB\R2013b\bin\win64\libmwspmatrix.dll
0x0000000005890000 - 0x0000000005af2000 	C:\Program Files\MATLAB\R2013b\bin\win64\mcos.dll
0x000000006cfc0000 - 0x000000006d01c000 	C:\Program Files\MATLAB\R2013b\bin\win64\libmwcholmod.dll
0x000000006cfb0000 - 0x000000006cfbc000 	C:\Program Files\MATLAB\R2013b\bin\win64\libmwamd.dll
0x000000006cfa0000 - 0x000000006cfab000 	C:\Program Files\MATLAB\R2013b\bin\win64\libmwcolamd.dll
0x000000006cf80000 - 0x000000006cf93000 	C:\Program Files\MATLAB\R2013b\bin\win64\libmwblas.dll
0x000000006cf60000 - 0x000000006cf75000 	C:\Program Files\MATLAB\R2013b\bin\win64\libmwbinder.dll
0x000000006cf50000 - 0x000000006cf5b000 	C:\Program Files\MATLAB\R2013b\bin\win64\libmwompwrapper.dll
0x000000006ced0000 - 0x000000006cf4f000 	C:\Program Files\MATLAB\R2013b\bin\win64\libmwlapack.dll
0x000000006ceb0000 - 0x000000006ced0000 	C:\Program Files\MATLAB\R2013b\bin\win64\m_pcodeio.dll
0x000000006ce50000 - 0x000000006ceac000 	C:\Program Files\MATLAB\R2013b\bin\win64\m_ir.dll
0x0000000005b00000 - 0x00000000061b5000 	C:\Program Files\MATLAB\R2013b\bin\win64\m_parser.dll
0x000000006c780000 - 0x000000006c797000 	C:\Program Files\MATLAB\R2013b\bin\win64\ir_xfmr.dll
0x000000006c770000 - 0x000000006c780000 	C:\Program Files\MATLAB\R2013b\bin\win64\mtok.dll
0x000000006c740000 - 0x000000006c768000 	C:\Program Files\MATLAB\R2013b\bin\win64\m_pcodegen.dll
0x000007fefa2a0000 - 0x000007fefa3c5000 	C:\windows\system32\dbghelp.dll
0x000000006c710000 - 0x000000006c73f000 	C:\Program Files\MATLAB\R2013b\bin\win64\libmwbridge.dll
0x000000006c650000 - 0x000000006c706000 	C:\Program Files\MATLAB\R2013b\bin\win64\udd.dll
0x00000000061c0000 - 0x0000000006311000 	C:\Program Files\MATLAB\R2013b\bin\win64\libmwgui.dll
0x000000006c4d0000 - 0x000000006c4f8000 	C:\Program Files\MATLAB\R2013b\bin\win64\graphics_util.dll
0x000000006d960000 - 0x000000006da18000 	C:\Program Files\MATLAB\R2013b\bin\win64\libtex_base.dll
0x000000006bac0000 - 0x000000006c426000 	C:\Program Files\MATLAB\R2013b\bin\win64\hg.dll
0x000000006ba60000 - 0x000000006babd000 	C:\Program Files\MATLAB\R2013b\bin\win64\libmat.dll
0x000000006b850000 - 0x000000006ba58000 	C:\Program Files\MATLAB\R2013b\bin\win64\hdf5dll.dll
0x000000006b780000 - 0x000000006b848000 	C:\Program Files\MATLAB\R2013b\bin\win64\jmi.dll
0x000000006b770000 - 0x000000006b77e000 	C:\Program Files\MATLAB\R2013b\bin\win64\nativejava_services.dll
0x0000000006320000 - 0x0000000006362000 	C:\Program Files\MATLAB\R2013b\bin\win64\libmwhardcopy.dll
0x000000006b6d0000 - 0x000000006b72e000 	C:\Program Files\MATLAB\R2013b\bin\win64\libuij.dll
0x000000006b490000 - 0x000000006b695000 	C:\Program Files\MATLAB\R2013b\bin\win64\hgdatatypes.dll
0x0000000006370000 - 0x0000000006482000 	C:\Program Files\MATLAB\R2013b\bin\win64\hgutils.dll
0x000000006b2f0000 - 0x000000006b39e000 	C:\Program Files\MATLAB\R2013b\bin\win64\udd_mi.dll
0x000000006b2b0000 - 0x000000006b2e6000 	C:\Program Files\MATLAB\R2013b\bin\win64\libmwgbtutils.dll
0x000000006b290000 - 0x000000006b2a3000 	C:\Program Files\MATLAB\R2013b\bin\win64\libmwgbt.dll
0x000000006afc0000 - 0x000000006b28f000 	C:\Program Files\MATLAB\R2013b\bin\win64\uiw.dll
0x000000006afb0000 - 0x000000006afb9000 	C:\Program Files\MATLAB\R2013b\bin\win64\uinone.dll
0x000000006af80000 - 0x000000006afac000 	C:\Program Files\MATLAB\R2013b\bin\win64\libmwnativedialogs.dll
0x000000006af70000 - 0x000000006af7c000 	C:\Program Files\MATLAB\R2013b\bin\win64\libmwplatform_res.dll
0x000007fefa140000 - 0x000007fefa158000 	C:\windows\system32\MPR.dll
0x0000000066940000 - 0x0000000066e9d000 	C:\Program Files\MATLAB\R2013b\bin\win64\mfc100.dll
0x000007fef6b50000 - 0x000007fef6b57000 	C:\windows\system32\MSIMG32.dll
0x000007fefb000000 - 0x000007fefb071000 	C:\windows\system32\WINSPOOL.DRV
0x000000006af50000 - 0x000000006af6d000 	C:\Program Files\MATLAB\R2013b\bin\win64\mwoles05.DLL
0x000000006aee0000 - 0x000000006af4c000 	C:\Program Files\MATLAB\R2013b\bin\win64\comcli.dll
0x0000000072be0000 - 0x0000000072c0b000 	C:\Program Files\MATLAB\R2013b\bin\win64\ATL100.DLL
0x000000006aed0000 - 0x000000006aedc000 	C:\Program Files\MATLAB\R2013b\bin\win64\mlautoregister.dll
0x00000000064a0000 - 0x000000000660f000 	C:\Program Files\MATLAB\R2013b\bin\win64\mvm.dll
0x000007feff340000 - 0x000007feff36e000 	C:\windows\system32\IMM32.DLL
0x000007fefddd0000 - 0x000007fefded9000 	C:\windows\system32\MSCTF.dll
0x000007fefce10000 - 0x000007fefce50000 	C:\windows\system32\nvinitx.dll

VM Arguments:
jvm_args: -XX:PermSize=32m -Xms64m -XX:NewRatio=3 -XX:MaxPermSize=128m -Xmx384m -XX:MaxDirectMemorySize=2147400000 -Dsun.java2d.noddraw=true -Dsun.awt.nopixfmt=true -Xshare:off -Xrs -XX:-UseSplitVerifier -Djava.library.path=C:\Program Files\MATLAB\R2013b\bin\win64;C:\Program Files\MATLAB\R2013b\sys\jxbrowser\win64\lib vfprintf abort -Duser.language=en -Duser.country=US 
java_command: <unknown>
Launcher Type: generic

Environment Variables:
CLASSPATH=.;C:\Program Files (x86)\Java\jre6\lib\ext\QTJava.zip
PATH=C:\Program Files (x86)\Common Files\Intel\Shared Libraries\redist\intel64\compiler;C:\Program Files (x86)\Common Files\Intel\Shared Libraries\redist\ia32\compiler;C:\Program Files\Common Files\Microsoft Shared\Windows Live;C:\Program Files (x86)\Common Files\Microsoft Shared\Windows Live;C:\windows\system32;C:\windows;C:\windows\System32\Wbem;C:\windows\System32\WindowsPowerShell\v1.0\;C:\Program Files\Broadcom\Broadcom 802.11 Network Adapter\Driver;C:\Program Files (x86)\Windows Live\Shared;C:\Program Files\WIDCOMM\Bluetooth Software\;C:\Program Files\WIDCOMM\Bluetooth Software\syswow64;C:\Program Files (x86)\PharosSystems\Core;C:\Program Files\nodejs\;C:\Program Files (x86)\Autodesk\Backburner\;C:\Program Files (x86)\QuickTime\QTSystem\;C:\Program Files\MiKTeX 2.9\miktex\bin\x64\;C:\Program Files\MATLAB\R2013b\runtime\win64;C:\Program Files\MATLAB\R2013b\bin;C:\RailsInstaller\Git\cmd;C:\RailsInstaller\Ruby1.9.3\bin;C:\Users\User\AppData\Roaming\npm\;C:\Python26;C:\Python26\Scripts
USERNAME=User
OS=Windows_NT
PROCESSOR_IDENTIFIER=Intel64 Family 6 Model 37 Stepping 5, GenuineIntel



---------------  S Y S T E M  ---------------

OS: Windows 7 , 64 bit Build 7601 Service Pack 1

CPU:total 4 (2 cores per cpu, 2 threads per core) family 6 model 37 stepping 5, cmov, cx8, fxsr, mmx, sse, sse2, sse3, ssse3, sse4.1, sse4.2, popcnt, ht, tsc, tscinvbit

Memory: 4k page, physical 3975340k(1301300k free), swap 7948816k(3700664k free)

vm_info: Java HotSpot(TM) 64-Bit Server VM (23.6-b04) for windows-amd64 JRE (1.7.0_11-b21), built on Jan 12 2013 02:38:42 by "java_re" with unknown MS VC++:1600

time: Mon Oct 14 23:35:55 2013
elapsed time: 4636 seconds

